<?xml version="1.0" encoding="UTF-8"?>
<testsuite xmlns:xsi="http://www.w3.org/2001/XMLSchema-instance" xsi:noNamespaceSchemaLocation="https://maven.apache.org/surefire/maven-surefire-plugin/xsd/surefire-test-report.xsd" name="com.paul.tennis.TennisTest" time="0.046" tests="2" errors="0" skipped="0" failures="0">
  <properties>
[...]
</properties>
  <testcase name="testTennisGameStatus" classname="com.paul.tennis.TennisTest" time="0.038"/>
  <testcase name="testScore" classname="com.paul.tennis.TennisTest" time="0.001"/>
</testsuite>